{
  "stats": {
    "suites": 1,
    "tests": 1,
    "passes": 1,
    "pending": 0,
    "failures": 0,
    "start": "2023-02-15T14:44:39.423Z",
    "end": "2023-02-15T14:44:43.992Z",
    "duration": 4569,
    "testsRegistered": 1,
    "passPercent": 100,
    "pendingPercent": 0,
    "other": 0,
    "hasOther": false,
    "skipped": 0,
    "hasSkipped": false
  },
  "results": [
    {
      "uuid": "f518bd25-3969-4765-ba14-9c30cf6196f7",
      "title": "",
      "fullFile": "cypress\\e2e\\VerifyCartTest.cy.js",
      "file": "cypress\\e2e\\VerifyCartTest.cy.js",
      "beforeHooks": [],
      "afterHooks": [],
      "tests": [],
      "suites": [
        {
          "uuid": "cc5fc3b0-7314-44ef-9a77-94febf1f99a7",
          "title": "My SwagLab Test",
          "fullFile": "",
          "file": "",
          "beforeHooks": [],
          "afterHooks": [],
          "tests": [
            {
              "title": "Verify items added to cart successfully!",
              "fullTitle": "My SwagLab Test Verify items added to cart successfully!",
              "timedOut": null,
              "duration": 2184,
              "state": "passed",
              "speed": "fast",
              "pass": true,
              "fail": false,
              "pending": false,
              "context": null,
              "code": "loginPage.getUserNameTextBox().type(this.data.username);\nloginPage.getPasswordTextBox().type(this.data.password);\nloginPage.getLoginButton().click();\nproductPage.getPageTitle().should(\"have.text\", this.productData.productPageText);\nproductPage.getProducts().each(($el, index, $list) => {\n  while (index < 2) {\n    cy.contains(\"Add to cart\").click();\n    index++;\n  }\n});\nproductPage.getAddToCartButton().click();\ncartPage.getPageTitle().should(\"have.text\", this.cartData.cartPageText);\ncartPage.getListOfProductsAdded().should(\"have.text\", this.cartData.listOfProductsAdded);\ncartPage.getCheckoutButton().click();\ncheckoutPage.getPageTitle().should(\"have.text\", this.checkData.checkoutPageText);",
              "err": {},
              "uuid": "641b8d25-b879-4615-a798-693b7503fd47",
              "parentUUID": "cc5fc3b0-7314-44ef-9a77-94febf1f99a7",
              "isHook": false,
              "skipped": false
            }
          ],
          "suites": [],
          "passes": [
            "641b8d25-b879-4615-a798-693b7503fd47"
          ],
          "failures": [],
          "pending": [],
          "skipped": [],
          "duration": 2184,
          "root": false,
          "rootEmpty": false,
          "_timeout": 2000
        }
      ],
      "passes": [],
      "failures": [],
      "pending": [],
      "skipped": [],
      "duration": 0,
      "root": true,
      "rootEmpty": true,
      "_timeout": 2000
    }
  ],
  "meta": {
    "mocha": {
      "version": "7.0.1"
    },
    "mochawesome": {
      "options": {
        "quiet": false,
        "reportFilename": "mochawesome",
        "saveHtml": false,
        "saveJson": true,
        "consoleReporter": "spec",
        "useInlineDiffs": false,
        "code": true
      },
      "version": "7.1.3"
    },
    "marge": {
      "options": {
        "chats": true,
        "overwrite": false,
        "html": false,
        "json": true,
        "reportDir": "cypress/reports"
      },
      "version": "6.2.0"
    }
  }
}