{
  "stats": {
    "suites": 1,
    "tests": 1,
    "passes": 1,
    "pending": 0,
    "failures": 0,
    "start": "2023-02-17T11:09:09.341Z",
    "end": "2023-02-17T11:09:16.735Z",
    "duration": 7394,
    "testsRegistered": 1,
    "passPercent": 100,
    "pendingPercent": 0,
    "other": 0,
    "hasOther": false,
    "skipped": 0,
    "hasSkipped": false
  },
  "results": [
    {
      "uuid": "ff7fb14d-412c-4c6b-a904-2922892389fb",
      "title": "",
      "fullFile": "cypress\\e2e\\VerifyCheckoutCompleteTest.cy.js",
      "file": "cypress\\e2e\\VerifyCheckoutCompleteTest.cy.js",
      "beforeHooks": [],
      "afterHooks": [],
      "tests": [],
      "suites": [
        {
          "uuid": "95a733ec-71ba-47a1-8344-bbdd0a6ef8ad",
          "title": "My SwagLab Test",
          "fullFile": "",
          "file": "",
          "beforeHooks": [],
          "afterHooks": [],
          "tests": [
            {
              "title": "Verify Checkout is done Successfully!",
              "fullTitle": "My SwagLab Test Verify Checkout is done Successfully!",
              "timedOut": null,
              "duration": 4668,
              "state": "passed",
              "speed": "fast",
              "pass": true,
              "fail": false,
              "pending": false,
              "context": null,
              "code": "loginPage.login(this.loginData.username, this.loginData.password);\nproductPage.getPageTitle().should(\"have.text\", this.productData.productPageText);\nproductPage.getProducts().each(($el, index, $list) => {\n  while (index < 2) {\n    cy.contains(\"Add to cart\").click();\n    index++;\n  }\n});\nproductPage.getAddToCartButton().click();\ncartPage.getPageTitle().should(\"have.text\", this.cartData.cartPageText);\ncartPage.getListOfProductsAdded().should(\"have.text\", this.cartData.listOfProductsAdded);\ncartPage.getCheckoutButton().click();\ncheckoutPage.getPageTitle().should(\"have.text\", this.checkoutData.checkoutPageText);\ncheckoutPage.getFirstNameTextBox().type(this.checkoutData.firstname);\ncheckoutPage.getLastNameTextBox().type(this.checkoutData.lastname);\ncheckoutPage.getPostalCodeTextBox().type(this.checkoutData.postalcode);\ncheckoutPage.getContinueButton().click();\ncheckoutOverviewPage.getPageTitle().should(\"have.text\", this.checkoutOverviewData.checkoutOverviewPageText);\ncheckoutOverviewPage.getCartItemQuantity().each(($el, index, $list) => {\n  if (index == 0) {\n    const quantityOfFirstItem = $el.text();\n    expect(quantityOfFirstItem).to.be.equal(this.checkoutOverviewData.cartItemQuantity1);\n  }\n  if (index == 1) {\n    const quantityOfSecondItem = $el.text();\n    expect(quantityOfSecondItem).to.be.equal(this.checkoutOverviewData.cartItemQuantity2);\n  }\n});\ncheckoutOverviewPage.getCartItemPrice().each(($el, index, $list) => {\n  if (index == 0) {\n    const priceOfFirstItem = $el.text();\n    expect(priceOfFirstItem).to.be.equal(this.checkoutOverviewData.cartItemPrice1);\n  }\n  if (index == 1) {\n    const priceOfSecondItem = $el.text();\n    expect(priceOfSecondItem).to.be.equal(this.checkoutOverviewData.cartItemPrice2);\n  }\n});\nvar priceOfFirstItemSplit;\nvar priceOfSecondItemSplit;\nvar priceOfFirstItem;\nvar priceOfSecondItem;\nvar sum;\nconst tax = 3.20;\ncheckoutOverviewPage.getCartItemPrice().each(($el, index, $list) => {\n  if (index == 0) {\n    priceOfFirstItem = $el.text();\n    expect(priceOfFirstItem).to.be.equal(this.checkoutOverviewData.cartItemPrice1);\n    priceOfFirstItemSplit = priceOfFirstItem.split(\"$\");\n    priceOfFirstItemSplit = priceOfFirstItemSplit[1];\n  }\n  if (index == 1) {\n    priceOfSecondItem = $el.text();\n    expect(priceOfSecondItem).to.be.equal(this.checkoutOverviewData.cartItemPrice2);\n    priceOfSecondItemSplit = priceOfSecondItem.split(\"$\");\n    priceOfSecondItemSplit = priceOfSecondItemSplit[1];\n    sum = Number(priceOfFirstItemSplit) + Number(priceOfSecondItemSplit) + Number(tax);\n    const finalCartTotal = \"Total: $\" + sum;\n    expect(finalCartTotal).to.be.equal(this.checkoutOverviewData.cartTotal);\n  }\n});\ncheckoutOverviewPage.getFinishButton().click();\ncheckoutCompletePage.getPageTitle().should(\"have.text\", this.checkoutCompleteData.checkoutCompletePageText);\ncheckoutCompletePage.getThankyouTextMessage().should(\"have.text\", this.checkoutCompleteData.thankyouMessage);\ncheckoutCompletePage.getBackToHomeButton().click();\nproductPage.getPageTitle().should(\"have.text\", this.productData.productPageText);",
              "err": {},
              "uuid": "b7d1c821-b8a7-47f4-8a0c-7d1b66afc94b",
              "parentUUID": "95a733ec-71ba-47a1-8344-bbdd0a6ef8ad",
              "isHook": false,
              "skipped": false
            }
          ],
          "suites": [],
          "passes": [
            "b7d1c821-b8a7-47f4-8a0c-7d1b66afc94b"
          ],
          "failures": [],
          "pending": [],
          "skipped": [],
          "duration": 4668,
          "root": false,
          "rootEmpty": false,
          "_timeout": 2000
        }
      ],
      "passes": [],
      "failures": [],
      "pending": [],
      "skipped": [],
      "duration": 0,
      "root": true,
      "rootEmpty": true,
      "_timeout": 2000
    }
  ],
  "meta": {
    "mocha": {
      "version": "7.0.1"
    },
    "mochawesome": {
      "options": {
        "quiet": false,
        "reportFilename": "mochawesome",
        "saveHtml": false,
        "saveJson": true,
        "consoleReporter": "spec",
        "useInlineDiffs": false,
        "code": true
      },
      "version": "7.1.3"
    },
    "marge": {
      "options": {
        "chats": true,
        "overwrite": false,
        "html": false,
        "json": true,
        "reportDir": "cypress/reports"
      },
      "version": "6.2.0"
    }
  }
}