{
  "stats": {
    "suites": 1,
    "tests": 1,
    "passes": 0,
    "pending": 0,
    "failures": 1,
    "start": "2023-02-15T15:02:45.463Z",
    "end": "2023-02-15T15:02:48.824Z",
    "duration": 3361,
    "testsRegistered": 1,
    "passPercent": 0,
    "pendingPercent": 0,
    "other": 1,
    "hasOther": true,
    "skipped": 0,
    "hasSkipped": false
  },
  "results": [
    {
      "uuid": "11049310-9a41-4412-8166-51d16b67375a",
      "title": "",
      "fullFile": "cypress\\e2e\\VerifyCheckoutOverviewTest.cy.js",
      "file": "cypress\\e2e\\VerifyCheckoutOverviewTest.cy.js",
      "beforeHooks": [],
      "afterHooks": [],
      "tests": [],
      "suites": [
        {
          "uuid": "6bd793c5-fb8a-4cdf-9ac6-9bfa420d164b",
          "title": "My SwagLab Test",
          "fullFile": "",
          "file": "",
          "beforeHooks": [],
          "afterHooks": [],
          "tests": [
            {
              "title": "Verify quantity, price of the each item and total price in the cart!",
              "fullTitle": "My SwagLab Test Verify quantity, price of the each item and total price in the cart!",
              "timedOut": null,
              "duration": 191,
              "state": "failed",
              "speed": null,
              "pass": false,
              "fail": true,
              "pending": false,
              "context": null,
              "code": "loginPage.getUserNameTextBox().type(this.data.username);\nloginPage.getPasswordTextBox().type(this.data.password);\nloginPage.getLoginButton().click();\nproductPage.getPageTitle().should(\"have.text\", this.productData.productPageText);\nproductPage.getProducts().each(($el, index, $list) => {\n  while (index < 2) {\n    cy.contains(\"Add to cart\").click();\n    index++;\n  }\n});\nproductPage.getAddToCartButton().click();\ncartPage.getPageTitle().should(\"have.text\", this.cartData.cartPageText);\ncartPage.getListOfProductsAdded().should(\"have.text\", this.cartData.listOfProductsAdded);\ncartPage.getCheckoutButton().click();\ncheckoutPage.getPageTitle().should(\"have.text\", this.checkoutData.checkoutPageText);\ncheckoutPage.getFirstNameTextBox().type(this.checkoutData.firstname);\ncheckoutPage.getLastNameTextBox().type(this.checkoutData.lastname);\ncheckoutPage.getPostalCodeTextBox().type(this.checkoutData.postalcode);\ncheckoutPage.getContinueButton().click();\ncheckoutOverviewPage.getPageTitle().should(\"have.text\", this.checkoutOverviewData.checkoutOverviewPageText);\ncheckoutOverviewPage.getCartItemQuantity().should(\"have.text\", this.checkoutOverviewData.cartItemQuantity);\ncheckoutOverviewPage.getCartItemPrice().should(\"have.text\", this.checkoutOverviewData.cartItemPrice);\ncheckoutOverviewPage.getCartTotal().should(\"have.text\", this.checkoutOverviewData.cartTotal);\ncheckoutOverviewPage.getFinishButton().click();\ncheckoutCompletePage.getPageTitle().should(\"have.text\", this.checkoutCompleteData.checkoutCompletePageText);",
              "err": {
                "message": "CypressError: `cy.click()` failed because it requires a DOM element.\n\nNo elements in the current DOM matched your query:\n\n  > cy.get(#react-burger-menu-btn)\n\nBecause this error occurred during a `after all` hook we are skipping the remaining tests in the current suite: `My SwagLab Test`",
                "estack": "CypressError: `cy.click()` failed because it requires a DOM element.\n\nNo elements in the current DOM matched your query:\n\n  > cy.get(#react-burger-menu-btn)\n\nBecause this error occurred during a `after all` hook we are skipping the remaining tests in the current suite: `My SwagLab Test`\n    at isElement (https://www.saucedemo.com/__cypress/runner/cypress_runner.js:151942:70)\n    at validateType (https://www.saucedemo.com/__cypress/runner/cypress_runner.js:151800:14)\n    at Object.isType (https://www.saucedemo.com/__cypress/runner/cypress_runner.js:151831:7)\n    at $Cy.pushSubject (https://www.saucedemo.com/__cypress/runner/cypress_runner.js:151539:22)\n    at wrapped (https://www.saucedemo.com/__cypress/runner/cypress_runner.js:151125:19)\nFrom Your Spec Code:\n    at Context.eval (webpack:///./cypress/e2e/VerifyCheckoutOverviewTest.cy.js:69:34)",
                "diff": null
              },
              "uuid": "647e243e-2582-4cc5-b4e7-101b5bc5426f",
              "parentUUID": "6bd793c5-fb8a-4cdf-9ac6-9bfa420d164b",
              "isHook": false,
              "skipped": false
            }
          ],
          "suites": [],
          "passes": [],
          "failures": [
            "647e243e-2582-4cc5-b4e7-101b5bc5426f"
          ],
          "pending": [],
          "skipped": [],
          "duration": 191,
          "root": false,
          "rootEmpty": false,
          "_timeout": 2000
        }
      ],
      "passes": [],
      "failures": [],
      "pending": [],
      "skipped": [],
      "duration": 0,
      "root": true,
      "rootEmpty": true,
      "_timeout": 2000
    }
  ],
  "meta": {
    "mocha": {
      "version": "7.0.1"
    },
    "mochawesome": {
      "options": {
        "quiet": false,
        "reportFilename": "mochawesome",
        "saveHtml": false,
        "saveJson": true,
        "consoleReporter": "spec",
        "useInlineDiffs": false,
        "code": true
      },
      "version": "7.1.3"
    },
    "marge": {
      "options": {
        "chats": true,
        "overwrite": false,
        "html": false,
        "json": true,
        "reportDir": "cypress/reports"
      },
      "version": "6.2.0"
    }
  }
}