{
  "stats": {
    "suites": 1,
    "tests": 1,
    "passes": 1,
    "pending": 0,
    "failures": 0,
    "start": "2023-02-15T12:58:02.431Z",
    "end": "2023-02-15T12:58:08.388Z",
    "duration": 5957,
    "testsRegistered": 1,
    "passPercent": 100,
    "pendingPercent": 0,
    "other": 0,
    "hasOther": false,
    "skipped": 0,
    "hasSkipped": false
  },
  "results": [
    {
      "uuid": "d48651b6-0664-4f7e-9288-4a0a3dd62e55",
      "title": "",
      "fullFile": "cypress\\e2e\\VerifyCheckoutCompleteTest.cy.js",
      "file": "cypress\\e2e\\VerifyCheckoutCompleteTest.cy.js",
      "beforeHooks": [],
      "afterHooks": [],
      "tests": [],
      "suites": [
        {
          "uuid": "c8740ac5-5f5e-4ce5-931a-fd3011c06abc",
          "title": "My SwagLab Test",
          "fullFile": "",
          "file": "",
          "beforeHooks": [],
          "afterHooks": [],
          "tests": [
            {
              "title": "Verify Checkout is done Successfully!",
              "fullTitle": "My SwagLab Test Verify Checkout is done Successfully!",
              "timedOut": null,
              "duration": 3727,
              "state": "passed",
              "speed": "fast",
              "pass": true,
              "fail": false,
              "pending": false,
              "context": null,
              "code": "loginPage.getUserNameTextBox().type(this.data.username);\nloginPage.getPasswordTextBox().type(this.data.password);\nloginPage.getLoginButton().click();\nproductPage.getPageTitle().should(\"have.text\", \"Products\");\nproductPage.getProducts().each(($el, index, $list) => {\n  while (index < 2) {\n    cy.contains(\"Add to cart\").click();\n    index++;\n  }\n});\nproductPage.getAddToCartButton().click();\ncartPage.getPageTitle().should(\"have.text\", \"Your Cart\");\ncartPage.getListOfProductsAdded().should(\"have.text\", '2');\ncartPage.getCheckoutButton().click();\ncheckoutPage.getPageTitle().should(\"have.text\", \"Checkout: Your Information\");\ncheckoutPage.getFirstNameTextBox().type(this.data.firstname);\ncheckoutPage.getLastNameTextBox().type(this.data.lastname);\ncheckoutPage.getPostalCodeTextBox().type(this.data.postalcode);\ncheckoutPage.getContinueButton().click();\ncheckoutOverviewPage.getPageTitle().should(\"have.text\", \"Checkout: Overview\");\ncheckoutOverviewPage.getCartItemQuantity().should(\"have.text\", \"11\");\ncheckoutOverviewPage.getCartItemPrice().should(\"have.text\", \"$29.99$9.99\");\ncheckoutOverviewPage.getCartTotal().should(\"have.text\", \"Total: $43.18\");\ncheckoutOverviewPage.getFinishButton().click();\ncheckoutCompletePage.getPageTitle().should(\"have.text\", \"Checkout: Complete!\");\ncheckoutCompletePage.getThankyouTextMessage().should(\"have.text\", \"THANK YOU FOR YOUR ORDER\");\ncheckoutCompletePage.getBackToHomeButton().click();",
              "err": {},
              "uuid": "914c8b8b-76bd-41c3-8021-92713a045794",
              "parentUUID": "c8740ac5-5f5e-4ce5-931a-fd3011c06abc",
              "isHook": false,
              "skipped": false
            }
          ],
          "suites": [],
          "passes": [
            "914c8b8b-76bd-41c3-8021-92713a045794"
          ],
          "failures": [],
          "pending": [],
          "skipped": [],
          "duration": 3727,
          "root": false,
          "rootEmpty": false,
          "_timeout": 2000
        }
      ],
      "passes": [],
      "failures": [],
      "pending": [],
      "skipped": [],
      "duration": 0,
      "root": true,
      "rootEmpty": true,
      "_timeout": 2000
    }
  ],
  "meta": {
    "mocha": {
      "version": "7.0.1"
    },
    "mochawesome": {
      "options": {
        "quiet": false,
        "reportFilename": "mochawesome",
        "saveHtml": false,
        "saveJson": true,
        "consoleReporter": "spec",
        "useInlineDiffs": false,
        "code": true
      },
      "version": "7.1.3"
    },
    "marge": {
      "options": {
        "chats": true,
        "overwrite": false,
        "html": false,
        "json": true,
        "reportDir": "cypress/reports"
      },
      "version": "6.2.0"
    }
  }
}