{
  "stats": {
    "suites": 1,
    "tests": 1,
    "passes": 1,
    "pending": 0,
    "failures": 0,
    "start": "2023-02-17T11:09:43.600Z",
    "end": "2023-02-17T11:09:47.298Z",
    "duration": 3698,
    "testsRegistered": 1,
    "passPercent": 100,
    "pendingPercent": 0,
    "other": 0,
    "hasOther": false,
    "skipped": 0,
    "hasSkipped": false
  },
  "results": [
    {
      "uuid": "a828cd71-6de7-4df7-b06c-8a381266e696",
      "title": "",
      "fullFile": "cypress\\e2e\\VerifyLoginTest.cy.js",
      "file": "cypress\\e2e\\VerifyLoginTest.cy.js",
      "beforeHooks": [],
      "afterHooks": [],
      "tests": [],
      "suites": [
        {
          "uuid": "d7a22f20-a0e8-4f84-8d5b-2f57b4f979de",
          "title": "My SwagLab Test Suite",
          "fullFile": "",
          "file": "",
          "beforeHooks": [],
          "afterHooks": [],
          "tests": [
            {
              "title": "Verify Saucedemo.com login is successful!",
              "fullTitle": "My SwagLab Test Suite Verify Saucedemo.com login is successful!",
              "timedOut": null,
              "duration": 1400,
              "state": "passed",
              "speed": "fast",
              "pass": true,
              "fail": false,
              "pending": false,
              "context": null,
              "code": "loginPage.login(this.loginData.username, this.loginData.password);\nproductPage.getPageTitle().should(\"have.text\", this.productData.productPageText);",
              "err": {},
              "uuid": "9c65cace-808d-42f2-8a73-f082b34c7459",
              "parentUUID": "d7a22f20-a0e8-4f84-8d5b-2f57b4f979de",
              "isHook": false,
              "skipped": false
            }
          ],
          "suites": [],
          "passes": [
            "9c65cace-808d-42f2-8a73-f082b34c7459"
          ],
          "failures": [],
          "pending": [],
          "skipped": [],
          "duration": 1400,
          "root": false,
          "rootEmpty": false,
          "_timeout": 2000
        }
      ],
      "passes": [],
      "failures": [],
      "pending": [],
      "skipped": [],
      "duration": 0,
      "root": true,
      "rootEmpty": true,
      "_timeout": 2000
    }
  ],
  "meta": {
    "mocha": {
      "version": "7.0.1"
    },
    "mochawesome": {
      "options": {
        "quiet": false,
        "reportFilename": "mochawesome",
        "saveHtml": false,
        "saveJson": true,
        "consoleReporter": "spec",
        "useInlineDiffs": false,
        "code": true
      },
      "version": "7.1.3"
    },
    "marge": {
      "options": {
        "chats": true,
        "overwrite": false,
        "html": false,
        "json": true,
        "reportDir": "cypress/reports"
      },
      "version": "6.2.0"
    }
  }
}