{
  "stats": {
    "suites": 1,
    "tests": 1,
    "passes": 0,
    "pending": 0,
    "failures": 1,
    "start": "2023-02-15T14:36:32.919Z",
    "end": "2023-02-15T14:36:38.298Z",
    "duration": 5379,
    "testsRegistered": 1,
    "passPercent": 0,
    "pendingPercent": 0,
    "other": 1,
    "hasOther": true,
    "skipped": 0,
    "hasSkipped": false
  },
  "results": [
    {
      "uuid": "2a6f7c67-9fce-4071-b237-26d5f91eaa3d",
      "title": "",
      "fullFile": "cypress\\e2e\\VerifyCheckOutTest.cy.js",
      "file": "cypress\\e2e\\VerifyCheckOutTest.cy.js",
      "beforeHooks": [],
      "afterHooks": [],
      "tests": [],
      "suites": [
        {
          "uuid": "c6b694a3-8066-4fe3-98e5-2153924c9846",
          "title": "My SwagLab Test",
          "fullFile": "",
          "file": "",
          "beforeHooks": [],
          "afterHooks": [],
          "tests": [
            {
              "title": "Verify checkout details are correct!",
              "fullTitle": "My SwagLab Test Verify checkout details are correct!",
              "timedOut": null,
              "duration": 430,
              "state": "failed",
              "speed": null,
              "pass": false,
              "fail": true,
              "pending": false,
              "context": null,
              "code": "loginPage.getUserNameTextBox().type(this.data.username);\nloginPage.getPasswordTextBox().type(this.data.password);\nloginPage.getLoginButton().click();\nproductPage.getPageTitle().should(\"have.text\", this.productData.productPageText);\nproductPage.getProducts().each(($el, index, $list) => {\n  while (index < 2) {\n    cy.contains(\"Add to cart\").click();\n    index++;\n  }\n});\nproductPage.getAddToCartButton().click();\ncartPage.getPageTitle().should(\"have.text\", this.cartData.cartPageText);\ncartPage.getListOfProductsAdded().should(\"have.text\", this.cartData.listOfProductsAdded);\ncartPage.getCheckoutButton().click();\ncheckoutPage.getPageTitle().should(\"have.text\", this.checkoutData.checkoutPageText);\ncheckoutPage.getFirstNameTextBox().type(this.data.firstname);\ncheckoutPage.getLastNameTextBox().type(this.data.lastname);\ncheckoutPage.getPostalCodeTextBox().type(this.data.postalcode);\ncheckoutPage.getContinueButton().click();\ncheckoutOverviewPage.getPageTitle().should(\"have.text\", this.checkoutOverviewData.checkoutOverviewPageText);",
              "err": {
                "message": "AssertionError: expected '#login-button' to have value 'Login', but the value was undefined\n\nBecause this error occurred during a `after all` hook we are skipping the remaining tests in the current suite: `My SwagLab Test`",
                "estack": "AssertionError: expected '#login-button' to have value 'Login', but the value was undefined\n\nBecause this error occurred during a `after all` hook we are skipping the remaining tests in the current suite: `My SwagLab Test`\n    at Context.eval (webpack:///./cypress/e2e/VerifyCheckOutTest.cy.js:64:35)",
                "diff": null
              },
              "uuid": "75dc28bc-a9ff-4458-aceb-8fd20509633e",
              "parentUUID": "c6b694a3-8066-4fe3-98e5-2153924c9846",
              "isHook": false,
              "skipped": false
            }
          ],
          "suites": [],
          "passes": [],
          "failures": [
            "75dc28bc-a9ff-4458-aceb-8fd20509633e"
          ],
          "pending": [],
          "skipped": [],
          "duration": 430,
          "root": false,
          "rootEmpty": false,
          "_timeout": 2000
        }
      ],
      "passes": [],
      "failures": [],
      "pending": [],
      "skipped": [],
      "duration": 0,
      "root": true,
      "rootEmpty": true,
      "_timeout": 2000
    }
  ],
  "meta": {
    "mocha": {
      "version": "7.0.1"
    },
    "mochawesome": {
      "options": {
        "quiet": false,
        "reportFilename": "mochawesome",
        "saveHtml": false,
        "saveJson": true,
        "consoleReporter": "spec",
        "useInlineDiffs": false,
        "code": true
      },
      "version": "7.1.3"
    },
    "marge": {
      "options": {
        "chats": true,
        "overwrite": false,
        "html": false,
        "json": true,
        "reportDir": "cypress/reports"
      },
      "version": "6.2.0"
    }
  }
}