{
  "stats": {
    "suites": 1,
    "tests": 1,
    "passes": 1,
    "pending": 0,
    "failures": 0,
    "start": "2023-02-15T15:00:34.044Z",
    "end": "2023-02-15T15:00:41.357Z",
    "duration": 7313,
    "testsRegistered": 1,
    "passPercent": 100,
    "pendingPercent": 0,
    "other": 0,
    "hasOther": false,
    "skipped": 0,
    "hasSkipped": false
  },
  "results": [
    {
      "uuid": "b5c1d818-4a03-4c06-8399-dad09353281c",
      "title": "",
      "fullFile": "cypress\\e2e\\VerifyCheckoutCompleteTest.cy.js",
      "file": "cypress\\e2e\\VerifyCheckoutCompleteTest.cy.js",
      "beforeHooks": [],
      "afterHooks": [],
      "tests": [],
      "suites": [
        {
          "uuid": "8eaaef57-c596-4d7a-98dc-4c8c97a275ad",
          "title": "My SwagLab Test",
          "fullFile": "",
          "file": "",
          "beforeHooks": [],
          "afterHooks": [],
          "tests": [
            {
              "title": "Verify Checkout is done Successfully!",
              "fullTitle": "My SwagLab Test Verify Checkout is done Successfully!",
              "timedOut": null,
              "duration": 4083,
              "state": "passed",
              "speed": "fast",
              "pass": true,
              "fail": false,
              "pending": false,
              "context": null,
              "code": "loginPage.getUserNameTextBox().type(this.data.username);\nloginPage.getPasswordTextBox().type(this.data.password);\nloginPage.getLoginButton().click();\nproductPage.getPageTitle().should(\"have.text\", this.productData.productPageText);\nproductPage.getProducts().each(($el, index, $list) => {\n  while (index < 2) {\n    cy.contains(\"Add to cart\").click();\n    index++;\n  }\n});\nproductPage.getAddToCartButton().click();\ncartPage.getPageTitle().should(\"have.text\", this.cartData.cartPageText);\ncartPage.getListOfProductsAdded().should(\"have.text\", this.cartData.listOfProductsAdded);\ncartPage.getCheckoutButton().click();\ncheckoutPage.getPageTitle().should(\"have.text\", this.checkoutData.checkoutPageText);\ncheckoutPage.getFirstNameTextBox().type(this.checkoutData.firstname);\ncheckoutPage.getLastNameTextBox().type(this.checkoutData.lastname);\ncheckoutPage.getPostalCodeTextBox().type(this.checkoutData.postalcode);\ncheckoutPage.getContinueButton().click();\ncheckoutOverviewPage.getPageTitle().should(\"have.text\", this.checkoutOverviewData.checkoutOverviewPageText);\ncheckoutOverviewPage.getCartItemQuantity().should(\"have.text\", this.checkoutOverviewData.cartItemQuantity);\ncheckoutOverviewPage.getCartItemPrice().should(\"have.text\", this.checkoutOverviewData.cartItemPrice);\ncheckoutOverviewPage.getCartTotal().should(\"have.text\", this.checkoutOverviewData.cartTotal);\ncheckoutOverviewPage.getFinishButton().click();\ncheckoutCompletePage.getPageTitle().should(\"have.text\", this.checkoutCompleteData.checkoutCompletePageText);\ncheckoutCompletePage.getThankyouTextMessage().should(\"have.text\", this.checkoutCompleteData.thankyouMessage);\ncheckoutCompletePage.getBackToHomeButton().click();",
              "err": {},
              "uuid": "9c79735a-1082-4827-b051-005978ede9a3",
              "parentUUID": "8eaaef57-c596-4d7a-98dc-4c8c97a275ad",
              "isHook": false,
              "skipped": false
            }
          ],
          "suites": [],
          "passes": [
            "9c79735a-1082-4827-b051-005978ede9a3"
          ],
          "failures": [],
          "pending": [],
          "skipped": [],
          "duration": 4083,
          "root": false,
          "rootEmpty": false,
          "_timeout": 2000
        }
      ],
      "passes": [],
      "failures": [],
      "pending": [],
      "skipped": [],
      "duration": 0,
      "root": true,
      "rootEmpty": true,
      "_timeout": 2000
    }
  ],
  "meta": {
    "mocha": {
      "version": "7.0.1"
    },
    "mochawesome": {
      "options": {
        "quiet": false,
        "reportFilename": "mochawesome",
        "saveHtml": false,
        "saveJson": true,
        "consoleReporter": "spec",
        "useInlineDiffs": false,
        "code": true
      },
      "version": "7.1.3"
    },
    "marge": {
      "options": {
        "chats": true,
        "overwrite": false,
        "html": false,
        "json": true,
        "reportDir": "cypress/reports"
      },
      "version": "6.2.0"
    }
  }
}