{
  "stats": {
    "suites": 1,
    "tests": 1,
    "passes": 1,
    "pending": 0,
    "failures": 0,
    "start": "2023-02-17T11:08:58.100Z",
    "end": "2023-02-17T11:09:02.817Z",
    "duration": 4717,
    "testsRegistered": 1,
    "passPercent": 100,
    "pendingPercent": 0,
    "other": 0,
    "hasOther": false,
    "skipped": 0,
    "hasSkipped": false
  },
  "results": [
    {
      "uuid": "c03140d0-7d0f-4f51-a0f9-8017144c0c26",
      "title": "",
      "fullFile": "cypress\\e2e\\VerifyCartTest.cy.js",
      "file": "cypress\\e2e\\VerifyCartTest.cy.js",
      "beforeHooks": [],
      "afterHooks": [],
      "tests": [],
      "suites": [
        {
          "uuid": "dc3478e2-d07d-48d7-9031-b4b0a80786fa",
          "title": "My SwagLab Test",
          "fullFile": "",
          "file": "",
          "beforeHooks": [],
          "afterHooks": [],
          "tests": [
            {
              "title": "Verify items added to cart successfully!",
              "fullTitle": "My SwagLab Test Verify items added to cart successfully!",
              "timedOut": null,
              "duration": 2256,
              "state": "passed",
              "speed": "fast",
              "pass": true,
              "fail": false,
              "pending": false,
              "context": null,
              "code": "loginPage.login(this.loginData.username, this.loginData.password);\nproductPage.getPageTitle().should(\"have.text\", this.productData.productPageText);\nproductPage.getProducts().each(($el, index, $list) => {\n  while (index < 2) {\n    cy.contains(\"Add to cart\").click();\n    index++;\n  }\n});\nproductPage.getAddToCartButton().click();\ncartPage.getPageTitle().should(\"have.text\", this.cartData.cartPageText);\ncartPage.getListOfProductsAdded().should(\"have.text\", this.cartData.listOfProductsAdded);\ncartPage.getCheckoutButton().click();\ncheckoutPage.getPageTitle().should(\"have.text\", this.checkData.checkoutPageText);",
              "err": {},
              "uuid": "f1920e3c-9716-46f5-a10a-411546509a50",
              "parentUUID": "dc3478e2-d07d-48d7-9031-b4b0a80786fa",
              "isHook": false,
              "skipped": false
            }
          ],
          "suites": [],
          "passes": [
            "f1920e3c-9716-46f5-a10a-411546509a50"
          ],
          "failures": [],
          "pending": [],
          "skipped": [],
          "duration": 2256,
          "root": false,
          "rootEmpty": false,
          "_timeout": 2000
        }
      ],
      "passes": [],
      "failures": [],
      "pending": [],
      "skipped": [],
      "duration": 0,
      "root": true,
      "rootEmpty": true,
      "_timeout": 2000
    }
  ],
  "meta": {
    "mocha": {
      "version": "7.0.1"
    },
    "mochawesome": {
      "options": {
        "quiet": false,
        "reportFilename": "mochawesome",
        "saveHtml": false,
        "saveJson": true,
        "consoleReporter": "spec",
        "useInlineDiffs": false,
        "code": true
      },
      "version": "7.1.3"
    },
    "marge": {
      "options": {
        "chats": true,
        "overwrite": false,
        "html": false,
        "json": true,
        "reportDir": "cypress/reports"
      },
      "version": "6.2.0"
    }
  }
}