{
  "stats": {
    "suites": 1,
    "tests": 1,
    "passes": 1,
    "pending": 0,
    "failures": 0,
    "start": "2023-02-15T12:46:05.214Z",
    "end": "2023-02-15T12:46:11.179Z",
    "duration": 5965,
    "testsRegistered": 1,
    "passPercent": 100,
    "pendingPercent": 0,
    "other": 0,
    "hasOther": false,
    "skipped": 0,
    "hasSkipped": false
  },
  "results": [
    {
      "uuid": "6843d323-f14d-4af4-9f18-d253976f9b34",
      "title": "",
      "fullFile": "cypress\\e2e\\VerifyCheckoutCompleteTest.cy.js",
      "file": "cypress\\e2e\\VerifyCheckoutCompleteTest.cy.js",
      "beforeHooks": [],
      "afterHooks": [],
      "tests": [],
      "suites": [
        {
          "uuid": "51a26db4-c0eb-4072-a5ef-2b5289a2773e",
          "title": "My SwagLab Test",
          "fullFile": "",
          "file": "",
          "beforeHooks": [],
          "afterHooks": [],
          "tests": [
            {
              "title": "Verify Checkout is done Successfully!",
              "fullTitle": "My SwagLab Test Verify Checkout is done Successfully!",
              "timedOut": null,
              "duration": 3699,
              "state": "passed",
              "speed": "fast",
              "pass": true,
              "fail": false,
              "pending": false,
              "context": null,
              "code": "//LoginPage\nloginPage.getUserNameTextBox().type(this.data.username);\nloginPage.getPasswordTextBox().type(this.data.password);\nloginPage.getLoginButton().click();\nproductPage.getPageTitle().should(\"have.text\", \"Products\");\n//ProductPage\nproductPage.getProducts().each(($el, index, $list) => {\n  while (index < 2) {\n    cy.contains(\"Add to cart\").click();\n    index++;\n  }\n});\nproductPage.getAddToCartButton().click();\ncartPage.getPageTitle().should(\"have.text\", \"Your Cart\");\n//CartPage\ncartPage.getListOfProductsAdded().should(\"have.text\", '2');\ncartPage.getCheckoutButton().click();\ncheckoutPage.getPageTitle().should(\"have.text\", \"Checkout: Your Information\");\n//CheckoutPage\ncheckoutPage.getFirstNameTextBox().type(this.data.firstname);\ncheckoutPage.getLastNameTextBox().type(this.data.lastname);\ncheckoutPage.getPostalCodeTextBox().type(this.data.postalcode);\ncheckoutPage.getContinueButton().click();\ncheckoutOverviewPage.getPageTitle().should(\"have.text\", \"Checkout: Overview\");\n//CheckoutOverviewPage\ncheckoutOverviewPage.getCartItemQuantity().should(\"have.text\", \"11\");\ncheckoutOverviewPage.getCartItemPrice().should(\"have.text\", \"$29.99$9.99\");\ncheckoutOverviewPage.getCartTotal().should(\"have.text\", \"Total: $43.18\");\ncheckoutOverviewPage.getFinishButton().click();\ncheckoutCompletePage.getPageTitle().should(\"have.text\", \"Checkout: Complete!\");\n//checkoutCompletePage\ncheckoutCompletePage.getThankyouTextMessage().should(\"have.text\", \"THANK YOU FOR YOUR ORDER\");\ncheckoutCompletePage.getBackToHomeButton().click();",
              "err": {},
              "uuid": "95c2ee5d-8798-4d2b-89c6-86e287b8347e",
              "parentUUID": "51a26db4-c0eb-4072-a5ef-2b5289a2773e",
              "isHook": false,
              "skipped": false
            }
          ],
          "suites": [],
          "passes": [
            "95c2ee5d-8798-4d2b-89c6-86e287b8347e"
          ],
          "failures": [],
          "pending": [],
          "skipped": [],
          "duration": 3699,
          "root": false,
          "rootEmpty": false,
          "_timeout": 2000
        }
      ],
      "passes": [],
      "failures": [],
      "pending": [],
      "skipped": [],
      "duration": 0,
      "root": true,
      "rootEmpty": true,
      "_timeout": 2000
    }
  ],
  "meta": {
    "mocha": {
      "version": "7.0.1"
    },
    "mochawesome": {
      "options": {
        "quiet": false,
        "reportFilename": "mochawesome",
        "saveHtml": false,
        "saveJson": true,
        "consoleReporter": "spec",
        "useInlineDiffs": false,
        "code": true
      },
      "version": "7.1.3"
    },
    "marge": {
      "options": {
        "chats": true,
        "overwrite": false,
        "html": false,
        "json": true,
        "reportDir": "cypress/reports"
      },
      "version": "6.2.0"
    }
  }
}