{
  "stats": {
    "suites": 1,
    "tests": 1,
    "passes": 1,
    "pending": 0,
    "failures": 0,
    "start": "2023-02-15T12:46:38.539Z",
    "end": "2023-02-15T12:46:42.537Z",
    "duration": 3998,
    "testsRegistered": 1,
    "passPercent": 100,
    "pendingPercent": 0,
    "other": 0,
    "hasOther": false,
    "skipped": 0,
    "hasSkipped": false
  },
  "results": [
    {
      "uuid": "74ef1764-9efb-45c9-8b59-1a6238f85fe8",
      "title": "",
      "fullFile": "cypress\\e2e\\VerifyLoginTest.cy.js",
      "file": "cypress\\e2e\\VerifyLoginTest.cy.js",
      "beforeHooks": [],
      "afterHooks": [],
      "tests": [],
      "suites": [
        {
          "uuid": "4ba7d49a-7c2f-49b7-9591-376608ca19a2",
          "title": "My SwagLab Test",
          "fullFile": "",
          "file": "",
          "beforeHooks": [],
          "afterHooks": [],
          "tests": [
            {
              "title": "Verify Saucedemo.com login is successful!",
              "fullTitle": "My SwagLab Test Verify Saucedemo.com login is successful!",
              "timedOut": null,
              "duration": 1378,
              "state": "passed",
              "speed": "fast",
              "pass": true,
              "fail": false,
              "pending": false,
              "context": null,
              "code": "//LoginPage\nloginPage.getUserNameTextBox().type(this.data.username);\nloginPage.getPasswordTextBox().type(this.data.password);\nloginPage.getLoginButton().click();\nproductPage.getPageTitle().should(\"have.text\", \"Products\");",
              "err": {},
              "uuid": "fca91054-1f60-46ff-aaad-fa68e95e856c",
              "parentUUID": "4ba7d49a-7c2f-49b7-9591-376608ca19a2",
              "isHook": false,
              "skipped": false
            }
          ],
          "suites": [],
          "passes": [
            "fca91054-1f60-46ff-aaad-fa68e95e856c"
          ],
          "failures": [],
          "pending": [],
          "skipped": [],
          "duration": 1378,
          "root": false,
          "rootEmpty": false,
          "_timeout": 2000
        }
      ],
      "passes": [],
      "failures": [],
      "pending": [],
      "skipped": [],
      "duration": 0,
      "root": true,
      "rootEmpty": true,
      "_timeout": 2000
    }
  ],
  "meta": {
    "mocha": {
      "version": "7.0.1"
    },
    "mochawesome": {
      "options": {
        "quiet": false,
        "reportFilename": "mochawesome",
        "saveHtml": false,
        "saveJson": true,
        "consoleReporter": "spec",
        "useInlineDiffs": false,
        "code": true
      },
      "version": "7.1.3"
    },
    "marge": {
      "options": {
        "chats": true,
        "overwrite": false,
        "html": false,
        "json": true,
        "reportDir": "cypress/reports"
      },
      "version": "6.2.0"
    }
  }
}