{
  "stats": {
    "suites": 1,
    "tests": 1,
    "passes": 1,
    "pending": 0,
    "failures": 0,
    "start": "2023-02-16T12:04:47.764Z",
    "end": "2023-02-16T12:04:52.223Z",
    "duration": 4459,
    "testsRegistered": 1,
    "passPercent": 100,
    "pendingPercent": 0,
    "other": 0,
    "hasOther": false,
    "skipped": 0,
    "hasSkipped": false
  },
  "results": [
    {
      "uuid": "000a4958-8c6b-4a38-b7bb-a97e7f115052",
      "title": "",
      "fullFile": "cypress\\e2e\\VerifyLoginTest.cy.js",
      "file": "cypress\\e2e\\VerifyLoginTest.cy.js",
      "beforeHooks": [],
      "afterHooks": [],
      "tests": [],
      "suites": [
        {
          "uuid": "4c31988b-6acd-4945-b13d-99b2d8d36b29",
          "title": "My SwagLab Test Suite",
          "fullFile": "",
          "file": "",
          "beforeHooks": [],
          "afterHooks": [],
          "tests": [
            {
              "title": "Verify Saucedemo.com login is successful!",
              "fullTitle": "My SwagLab Test Suite Verify Saucedemo.com login is successful!",
              "timedOut": null,
              "duration": 1458,
              "state": "passed",
              "speed": "fast",
              "pass": true,
              "fail": false,
              "pending": false,
              "context": null,
              "code": "loginPage.login(this.loginData.username, this.loginData.password);\nproductPage.getPageTitle().should(\"have.text\", this.productData.productPageText);",
              "err": {},
              "uuid": "d970796e-da85-4579-ad08-2936f327e94e",
              "parentUUID": "4c31988b-6acd-4945-b13d-99b2d8d36b29",
              "isHook": false,
              "skipped": false
            }
          ],
          "suites": [],
          "passes": [
            "d970796e-da85-4579-ad08-2936f327e94e"
          ],
          "failures": [],
          "pending": [],
          "skipped": [],
          "duration": 1458,
          "root": false,
          "rootEmpty": false,
          "_timeout": 2000
        }
      ],
      "passes": [],
      "failures": [],
      "pending": [],
      "skipped": [],
      "duration": 0,
      "root": true,
      "rootEmpty": true,
      "_timeout": 2000
    }
  ],
  "meta": {
    "mocha": {
      "version": "7.0.1"
    },
    "mochawesome": {
      "options": {
        "quiet": false,
        "reportFilename": "mochawesome",
        "saveHtml": false,
        "saveJson": true,
        "consoleReporter": "spec",
        "useInlineDiffs": false,
        "code": true
      },
      "version": "7.1.3"
    },
    "marge": {
      "options": {
        "chats": true,
        "overwrite": false,
        "html": false,
        "json": true,
        "reportDir": "cypress/reports"
      },
      "version": "6.2.0"
    }
  }
}