{
  "stats": {
    "suites": 1,
    "tests": 1,
    "passes": 1,
    "pending": 0,
    "failures": 0,
    "start": "2023-02-15T13:33:31.343Z",
    "end": "2023-02-15T13:33:37.364Z",
    "duration": 6021,
    "testsRegistered": 1,
    "passPercent": 100,
    "pendingPercent": 0,
    "other": 0,
    "hasOther": false,
    "skipped": 0,
    "hasSkipped": false
  },
  "results": [
    {
      "uuid": "61a092a0-d248-4880-81ac-f4c4f57c7fec",
      "title": "",
      "fullFile": "cypress\\e2e\\VerifyCheckoutOverviewTest.cy.js",
      "file": "cypress\\e2e\\VerifyCheckoutOverviewTest.cy.js",
      "beforeHooks": [],
      "afterHooks": [],
      "tests": [],
      "suites": [
        {
          "uuid": "06f3c5ae-c91d-4475-be98-86491ffe6810",
          "title": "My SwagLab Test",
          "fullFile": "",
          "file": "",
          "beforeHooks": [],
          "afterHooks": [],
          "tests": [
            {
              "title": "Verify quantity, price of the each item and total price in the cart!",
              "fullTitle": "My SwagLab Test Verify quantity, price of the each item and total price in the cart!",
              "timedOut": null,
              "duration": 3596,
              "state": "passed",
              "speed": "fast",
              "pass": true,
              "fail": false,
              "pending": false,
              "context": null,
              "code": "loginPage.getUserNameTextBox().type(this.data.username);\nloginPage.getPasswordTextBox().type(this.data.password);\nloginPage.getLoginButton().click();\nproductPage.getPageTitle().should(\"have.text\", \"Products\");\nproductPage.getProducts().each(($el, index, $list) => {\n  while (index < 2) {\n    cy.contains(\"Add to cart\").click();\n    index++;\n  }\n});\nproductPage.getAddToCartButton().click();\ncartPage.getPageTitle().should(\"have.text\", \"Your Cart\");\ncartPage.getListOfProductsAdded().should(\"have.text\", '2');\ncartPage.getCheckoutButton().click();\ncheckoutPage.getPageTitle().should(\"have.text\", \"Checkout: Your Information\");\ncheckoutPage.getFirstNameTextBox().type(this.arg.firstname);\ncheckoutPage.getLastNameTextBox().type(this.arg.lastname);\ncheckoutPage.getPostalCodeTextBox().type(this.arg.postalcode);\ncheckoutPage.getContinueButton().click();\ncheckoutOverviewPage.getPageTitle().should(\"have.text\", \"Checkout: Overview\");\ncheckoutOverviewPage.getCartItemQuantity().should(\"have.text\", \"11\");\ncheckoutOverviewPage.getCartItemPrice().should(\"have.text\", \"$29.99$9.99\");\ncheckoutOverviewPage.getCartTotal().should(\"have.text\", \"Total: $43.18\");\ncheckoutOverviewPage.getFinishButton().click();\ncheckoutCompletePage.getPageTitle().should(\"have.text\", \"Checkout: Complete!\");",
              "err": {},
              "uuid": "8bfe484d-7f22-42ad-a693-2f3495f16108",
              "parentUUID": "06f3c5ae-c91d-4475-be98-86491ffe6810",
              "isHook": false,
              "skipped": false
            }
          ],
          "suites": [],
          "passes": [
            "8bfe484d-7f22-42ad-a693-2f3495f16108"
          ],
          "failures": [],
          "pending": [],
          "skipped": [],
          "duration": 3596,
          "root": false,
          "rootEmpty": false,
          "_timeout": 2000
        }
      ],
      "passes": [],
      "failures": [],
      "pending": [],
      "skipped": [],
      "duration": 0,
      "root": true,
      "rootEmpty": true,
      "_timeout": 2000
    }
  ],
  "meta": {
    "mocha": {
      "version": "7.0.1"
    },
    "mochawesome": {
      "options": {
        "quiet": false,
        "reportFilename": "mochawesome",
        "saveHtml": false,
        "saveJson": true,
        "consoleReporter": "spec",
        "useInlineDiffs": false,
        "code": true
      },
      "version": "7.1.3"
    },
    "marge": {
      "options": {
        "chats": true,
        "overwrite": false,
        "html": false,
        "json": true,
        "reportDir": "cypress/reports"
      },
      "version": "6.2.0"
    }
  }
}