{
  "stats": {
    "suites": 1,
    "tests": 1,
    "passes": 1,
    "pending": 0,
    "failures": 0,
    "start": "2023-02-15T04:37:12.956Z",
    "end": "2023-02-15T04:37:17.945Z",
    "duration": 4989,
    "testsRegistered": 1,
    "passPercent": 100,
    "pendingPercent": 0,
    "other": 0,
    "hasOther": false,
    "skipped": 0,
    "hasSkipped": false
  },
  "results": [
    {
      "uuid": "365414bf-e8e6-42d8-af32-08219f94378e",
      "title": "",
      "fullFile": "cypress\\e2e\\CartPageTest.cy.js",
      "file": "cypress\\e2e\\CartPageTest.cy.js",
      "beforeHooks": [],
      "afterHooks": [],
      "tests": [],
      "suites": [
        {
          "uuid": "e3ecb3f7-f6fd-4d43-8fa7-cf14355af5c9",
          "title": "My SwagLab Test",
          "fullFile": "",
          "file": "",
          "beforeHooks": [],
          "afterHooks": [],
          "tests": [
            {
              "title": "Verify items added to cart successfully!",
              "fullTitle": "My SwagLab Test Verify items added to cart successfully!",
              "timedOut": null,
              "duration": 2345,
              "state": "passed",
              "speed": "fast",
              "pass": true,
              "fail": false,
              "pending": false,
              "context": null,
              "code": "//LoginPage\nloginPage.getUserNameTextBox().type(this.data.username);\nloginPage.getPasswordTextBox().type(this.data.password);\nloginPage.getLoginButton().click();\nproductPage.getPageTitle().should(\"have.text\", \"Products\");\n//ProductPage\nproductPage.getProducts().each(($el, index, $list) => {\n  while (index < 2) {\n    cy.contains(\"Add to cart\").click();\n    index++;\n  }\n});\nproductPage.getAddToCartButton().click();\ncartPage.getPageTitle().should(\"have.text\", \"Your Cart\");\n//CartPage\ncartPage.getListOfProductsAdded().should(\"have.text\", '2');\ncartPage.getCheckoutButton().click();\ncheckoutPage.getPageTitle().should(\"have.text\", \"Checkout: Your Information\");",
              "err": {},
              "uuid": "cd0b2cfc-170d-47ca-83ef-94e42706ccc1",
              "parentUUID": "e3ecb3f7-f6fd-4d43-8fa7-cf14355af5c9",
              "isHook": false,
              "skipped": false
            }
          ],
          "suites": [],
          "passes": [
            "cd0b2cfc-170d-47ca-83ef-94e42706ccc1"
          ],
          "failures": [],
          "pending": [],
          "skipped": [],
          "duration": 2345,
          "root": false,
          "rootEmpty": false,
          "_timeout": 2000
        }
      ],
      "passes": [],
      "failures": [],
      "pending": [],
      "skipped": [],
      "duration": 0,
      "root": true,
      "rootEmpty": true,
      "_timeout": 2000
    }
  ],
  "meta": {
    "mocha": {
      "version": "7.0.1"
    },
    "mochawesome": {
      "options": {
        "quiet": false,
        "reportFilename": "mochawesome",
        "saveHtml": false,
        "saveJson": true,
        "consoleReporter": "spec",
        "useInlineDiffs": false,
        "code": true
      },
      "version": "7.1.3"
    },
    "marge": {
      "options": {
        "chats": true,
        "overwrite": false,
        "html": false,
        "json": true,
        "reportDir": "cypress/reports"
      },
      "version": "6.2.0"
    }
  }
}