{
  "stats": {
    "suites": 1,
    "tests": 1,
    "passes": 1,
    "pending": 0,
    "failures": 0,
    "start": "2023-02-15T14:36:54.054Z",
    "end": "2023-02-15T14:36:58.485Z",
    "duration": 4431,
    "testsRegistered": 1,
    "passPercent": 100,
    "pendingPercent": 0,
    "other": 0,
    "hasOther": false,
    "skipped": 0,
    "hasSkipped": false
  },
  "results": [
    {
      "uuid": "b6b08e52-efb7-4438-afc4-a55b92ce62ec",
      "title": "",
      "fullFile": "cypress\\e2e\\VerifyProductTest.cy.js",
      "file": "cypress\\e2e\\VerifyProductTest.cy.js",
      "beforeHooks": [],
      "afterHooks": [],
      "tests": [],
      "suites": [
        {
          "uuid": "8f85c1bc-8934-42aa-8325-207ba7bb29bc",
          "title": "My SwagLab Test",
          "fullFile": "",
          "file": "",
          "beforeHooks": [],
          "afterHooks": [],
          "tests": [
            {
              "title": "Add products to cart!",
              "fullTitle": "My SwagLab Test Add products to cart!",
              "timedOut": null,
              "duration": 2128,
              "state": "passed",
              "speed": "fast",
              "pass": true,
              "fail": false,
              "pending": false,
              "context": null,
              "code": "loginPage.getUserNameTextBox().type(this.loginData.username);\nloginPage.getPasswordTextBox().type(this.loginData.password);\nloginPage.getLoginButton().click();\nproductPage.getPageTitle().should(\"have.text\", this.productData.productPageText);\nproductPage.getProducts().each(($el, index, $list) => {\n  while (index < 2) {\n    cy.contains(\"Add to cart\").click();\n    index++;\n  }\n});\nproductPage.getAddToCartButton().click();\ncartPage.getPageTitle().should(\"have.text\", this.cartData.cartPageText);",
              "err": {},
              "uuid": "79ee5dfb-af4d-4f51-97de-6e8bac846f6d",
              "parentUUID": "8f85c1bc-8934-42aa-8325-207ba7bb29bc",
              "isHook": false,
              "skipped": false
            }
          ],
          "suites": [],
          "passes": [
            "79ee5dfb-af4d-4f51-97de-6e8bac846f6d"
          ],
          "failures": [],
          "pending": [],
          "skipped": [],
          "duration": 2128,
          "root": false,
          "rootEmpty": false,
          "_timeout": 2000
        }
      ],
      "passes": [],
      "failures": [],
      "pending": [],
      "skipped": [],
      "duration": 0,
      "root": true,
      "rootEmpty": true,
      "_timeout": 2000
    }
  ],
  "meta": {
    "mocha": {
      "version": "7.0.1"
    },
    "mochawesome": {
      "options": {
        "quiet": false,
        "reportFilename": "mochawesome",
        "saveHtml": false,
        "saveJson": true,
        "consoleReporter": "spec",
        "useInlineDiffs": false,
        "code": true
      },
      "version": "7.1.3"
    },
    "marge": {
      "options": {
        "chats": true,
        "overwrite": false,
        "html": false,
        "json": true,
        "reportDir": "cypress/reports"
      },
      "version": "6.2.0"
    }
  }
}