{
  "stats": {
    "suites": 1,
    "tests": 1,
    "passes": 0,
    "pending": 0,
    "failures": 1,
    "start": "2023-02-15T12:29:43.449Z",
    "end": "2023-02-15T12:29:44.002Z",
    "duration": 553,
    "testsRegistered": 1,
    "passPercent": 0,
    "pendingPercent": 0,
    "other": 1,
    "hasOther": true,
    "skipped": 0,
    "hasSkipped": false
  },
  "results": [
    {
      "uuid": "c2b4150b-4911-430c-9bd2-b5c0b448b527",
      "title": "",
      "fullFile": "cypress\\e2e\\VerifyProductTest.cy.js",
      "file": "cypress\\e2e\\VerifyProductTest.cy.js",
      "beforeHooks": [],
      "afterHooks": [],
      "tests": [],
      "suites": [
        {
          "uuid": "1723a5c7-b053-4de7-af1f-14bbb1bfd32b",
          "title": "My SwagLab Test",
          "fullFile": "",
          "file": "",
          "beforeHooks": [],
          "afterHooks": [],
          "tests": [
            {
              "title": "Add products to cart!",
              "fullTitle": "My SwagLab Test Add products to cart!",
              "timedOut": null,
              "duration": 178,
              "state": "failed",
              "speed": null,
              "pass": false,
              "fail": true,
              "pending": false,
              "context": null,
              "code": "//LoginPage\nloginPage.getUserNameTextBox().type(this.data.username);\nloginPage.getPasswordTextBox().type(this.data.password);\nloginPage.getLoginButton().click();\nproductPage.getPageTitle().should(\"have.text\", \"Products\");\n//ProductPage\nproductPage.getProducts().each(($el, index, $list) => {\n  while (index < 2) {\n    cy.contains(\"Add to cart\").click();\n    index++;\n  }\n});\nproductPage.getAddToCartButton().click();\ncartPage.getPageTitle().should(\"have.text\", \"Your Cart\");",
              "err": {
                "message": "CypressError: `cy.click()` failed because it requires a DOM element.\n\nNo elements in the current DOM matched your query:\n\n  > cy.get(#react-burger-menu-btn)\n\nBecause this error occurred during a `after all` hook we are skipping the remaining tests in the current suite: `My SwagLab Test`",
                "estack": "CypressError: `cy.click()` failed because it requires a DOM element.\n\nNo elements in the current DOM matched your query:\n\n  > cy.get(#react-burger-menu-btn)\n\nBecause this error occurred during a `after all` hook we are skipping the remaining tests in the current suite: `My SwagLab Test`\n    at isElement (http://localhost:63947/__cypress/runner/cypress_runner.js:151942:70)\n    at validateType (http://localhost:63947/__cypress/runner/cypress_runner.js:151800:14)\n    at Object.isType (http://localhost:63947/__cypress/runner/cypress_runner.js:151831:7)\n    at $Cy.pushSubject (http://localhost:63947/__cypress/runner/cypress_runner.js:151539:22)\n    at wrapped (http://localhost:63947/__cypress/runner/cypress_runner.js:151125:19)\nFrom Your Spec Code:\n    at Context.eval (webpack:///./cypress/e2e/VerifyProductTest.cy.js:41:30)",
                "diff": null
              },
              "uuid": "f0eb3721-7dec-4521-99fb-a6d4e42dda53",
              "parentUUID": "1723a5c7-b053-4de7-af1f-14bbb1bfd32b",
              "isHook": false,
              "skipped": false
            }
          ],
          "suites": [],
          "passes": [],
          "failures": [
            "f0eb3721-7dec-4521-99fb-a6d4e42dda53"
          ],
          "pending": [],
          "skipped": [],
          "duration": 178,
          "root": false,
          "rootEmpty": false,
          "_timeout": 2000
        }
      ],
      "passes": [],
      "failures": [],
      "pending": [],
      "skipped": [],
      "duration": 0,
      "root": true,
      "rootEmpty": true,
      "_timeout": 2000
    }
  ],
  "meta": {
    "mocha": {
      "version": "7.0.1"
    },
    "mochawesome": {
      "options": {
        "quiet": false,
        "reportFilename": "mochawesome",
        "saveHtml": false,
        "saveJson": true,
        "consoleReporter": "spec",
        "useInlineDiffs": false,
        "code": true
      },
      "version": "7.1.3"
    },
    "marge": {
      "options": {
        "chats": true,
        "overwrite": false,
        "html": false,
        "json": true,
        "reportDir": "cypress/reports"
      },
      "version": "6.2.0"
    }
  }
}